./strtod:
      3.14159265358979   36 "3.1415926535897932384626433832795029"
      2.71828182845905   36 "2.7182818284590452353602874713526625"
       1.4142135623731   36 "1.4142135623730950488016887242096981"
              6.02e+23    7 "6.02e23"
not numeric               5 "hello", endptr->"hello"
not numeric               5 "world", endptr->"world"
not numeric               1 "+", endptr->"+"
not numeric               1 "-", endptr->"-"
not numeric               1 "*", endptr->"*"
not numeric               1 "/", endptr->"/"
not numeric               1 ";", endptr->";"
                   inf    9 "1e1000000"
                   inf    9 "+Infinity"
                  -inf    9 "-Infinity"
                   nan    3 "NaN"
not numeric              10 "1234foobar", endptr->"foobar"
                    -0    8 "-5e-5000"
                     1   30 ".99999999999999999999999999999"
               -220000    5 "-22e4"
 -3.33333333333333e-30   39 "-3.33333333333333333333333333333333e-30"
                 65535    6 "0xFFFF"
            4294967295   10 "0xFFFFFFFF"
                  1024    6 "0x1p10"
               1048576    6 "0x1p20"
EOF
