genericlib.c:29: process (0x600fa0, 6, 8, 0x400719)
numberproc.c:26: printnum (6.02e+23)
numberproc.c:26: printnum (287)
numberproc.c:26: printnum (-472)
numberproc.c:26: printnum (0)
numberproc.c:26: printnum (6e-22)
numberproc.c:26: printnum (1.79769313486232e+308)

genericlib.c:29: process (0x600fa0, 6, 8, 0x4006b0)
numberproc.c:20: log10ify (6.02e+23)
numberproc.c:20: log10ify (287)
numberproc.c:20: log10ify (-472)
numberproc.c:20: log10ify (0)
numberproc.c:20: log10ify (6e-22)
numberproc.c:20: log10ify (1.79769313486232e+308)

genericlib.c:29: process (0x600fa0, 6, 8, 0x400719)
numberproc.c:26: printnum (23.7795964912578)
numberproc.c:26: printnum (2.45788189673399)
numberproc.c:26: printnum (nan)
numberproc.c:26: printnum (-inf)
numberproc.c:26: printnum (-21.2218487496164)
numberproc.c:26: printnum (308.254715559917)

