genericlib.c:29: process (0x601280, 6, 8, 0x4007a1)
stringproc.c:30: printstr (0x601280->"hello")
stringproc.c:30: printstr (0x601288->"world")
stringproc.c:30: printstr (0x601290->"foo")
stringproc.c:30: printstr (0x601298->"bar")
stringproc.c:30: printstr (0x6012a0->"baz")
stringproc.c:30: printstr (0x6012a8->"qux")

genericlib.c:29: process (0x601280, 6, 8, 0x4006d0)
stringproc.c:17: strdupthem (0x601280->"hello")
stringproc.c:17: strdupthem (0x601288->"world")
stringproc.c:17: strdupthem (0x601290->"foo")
stringproc.c:17: strdupthem (0x601298->"bar")
stringproc.c:17: strdupthem (0x6012a0->"baz")
stringproc.c:17: strdupthem (0x6012a8->"qux")

genericlib.c:29: process (0x601280, 6, 8, 0x40072e)
stringproc.c:23: capitalize (0x601280->"hello")
stringproc.c:23: capitalize (0x601288->"world")
stringproc.c:23: capitalize (0x601290->"foo")
stringproc.c:23: capitalize (0x601298->"bar")
stringproc.c:23: capitalize (0x6012a0->"baz")
stringproc.c:23: capitalize (0x6012a8->"qux")

genericlib.c:29: process (0x601280, 6, 8, 0x4007a1)
stringproc.c:30: printstr (0x601280->"HELLO")
stringproc.c:30: printstr (0x601288->"WORLD")
stringproc.c:30: printstr (0x601290->"FOO")
stringproc.c:30: printstr (0x601298->"BAR")
stringproc.c:30: printstr (0x6012a0->"BAZ")
stringproc.c:30: printstr (0x6012a8->"QUX")

genericlib.c:29: process (0x601280, 6, 8, 0x4007de)
stringproc.c:34: freestr (0x601280->"HELLO")
stringproc.c:34: freestr (0x601288->"WORLD")
stringproc.c:34: freestr (0x601290->"FOO")
stringproc.c:34: freestr (0x601298->"BAR")
stringproc.c:34: freestr (0x6012a0->"BAZ")
stringproc.c:34: freestr (0x6012a8->"QUX")

