::::::::::::::::::::::::::::::::::::::::::::::::::::::::::::
err2.c
::::::::::::::::::::::::::::::::::::::::::::::::::::::::::::
     1	// $Id: err2.c,v 1.5 2014-04-23 21:19:13-07 - - $
     2	
     3	#include <stdio.h>
     4	#include <string.h>
     5	int main (void) {
     6	   char *p = 20;
     7	   int c = strcmp (p, "foo");
     8	   printf ("%d\n", c);
     9	   return 0;
    10	}
::::::::::::::::::::::::::::::::::::::::::::::::::::::::::::
Errors: gcc -g -O0 -Wall -Wextra -std=gnu99 err2.c -o err2
::::::::::::::::::::::::::::::::::::::::::::::::::::::::::::
err2.c: In function ‘main’:
err2.c:6:14: warning: initialization makes pointer from integer without a cast [enabled by default]
    char *p = 20;
              ^
