::::::::::::::::::::::::::::::::::::::::::::::::::::::::::::
list2.c
::::::::::::::::::::::::::::::::::::::::::::::::::::::::::::
     1	// $Id: list2.c,v 1.2 2014-05-04 18:29:20-07 - - $
     2	
     3	#include <assert.h>
     4	#include <stdio.h>
     5	#include <stdlib.h>
     6	
     7	typedef struct node node;
     8	struct node {
     9	   char *word;
    10	   node *link;
    11	};
    12	
    13	int main (int argc, char **argv) {
    14	   (void) argc; // Fix unused variable warning
    15	   node *head;
    16	   for (int argi = 0; argi < 5; ++argi) {
    17	      node *node = malloc (sizeof (struct node));
    18	      assert (node != NULL);
    19	      node->word = argv[argi];
    20	      node->link = head;
    21	      head = node;
    22	   }
    23	   for (node *curr = head; curr->link != NULL; curr = curr->link) {
    24	      printf ("%p->node {word=%p->[%s], link=%p}\n",
    25	              curr, curr->word, curr->word, curr->link);
    26	   }
    27	   return 9;
    28	}
::::::::::::::::::::::::::::::::::::::::::::::::::::::::::::
Errors: gcc -g -O0 -Wall -Wextra -std=gnu99 list2.c -o list2
::::::::::::::::::::::::::::::::::::::::::::::::::::::::::::
