::::::::::::::::::::::::::::::::::::::::::::::::::::::::::::
list1.c
::::::::::::::::::::::::::::::::::::::::::::::::::::::::::::
     1	// $Id: list1.c,v 1.3 2013-02-08 18:00:41-08 - - $
     2	
     3	#include <assert.h>
     4	#include <stdio.h>
     5	
     6	typedef struct node node;
     7	struct node {
     8	   char *word;
     9	   node *link;
    10	};
    11	
    12	int main (int argc, char **argv) {
    13	   node *head;
    14	   for (int argi = 0; argi < 5; ++argi) {
    15	      node *node = malloc (sizeof (struct node));
    16	      assert (node != NULL);
    17	      node->word = argv[argi];
    18	      node->link = head;
    19	      head = node;
    20	   }
    21	   for (node *curr = head; curr->link != NULL; curr = curr->link) {
    22	      printf ("%p->node {word=%p->[%s], link=%p}\n",
    23	              curr, curr->word, curr->word, curr->link);
    24	   }
    25	   return 9;
    26	}
::::::::::::::::::::::::::::::::::::::::::::::::::::::::::::
Errors: gcc -g -O0 -Wall -Wextra -std=gnu99 list1.c -o list1
::::::::::::::::::::::::::::::::::::::::::::::::::::::::::::
list1.c: In function ‘main’:
list1.c:15:7: warning: implicit declaration of function ‘malloc’ [-Wimplicit-function-declaration]
       node *node = malloc (sizeof (struct node));
       ^
list1.c:15:20: warning: incompatible implicit declaration of built-in function ‘malloc’ [enabled by default]
       node *node = malloc (sizeof (struct node));
                    ^
list1.c:12:15: warning: unused parameter ‘argc’ [-Wunused-parameter]
 int main (int argc, char **argv) {
               ^
