::::::::::::::::::::::::::::::::::::::::::::::::::::::::::::
uninit.c
::::::::::::::::::::::::::::::::::::::::::::::::::::::::::::
     1	// $Id: uninit.c,v 1.3 2014-02-18 15:08:14-08 - - $
     2	
     3	#include <stdio.h>
     4	#include <stdlib.h>
     5	
     6	int main (int argc, char **argv) {
     7	   int *pointer;
     8	   printf ("pointer=%p\n", pointer);
     9	   printf ("*pointer=%d\n", *pointer);
    10	   int foo;
    11	   printf ("foo=%d\n", foo);
    12	}
::::::::::::::::::::::::::::::::::::::::::::::::::::::::::::
Errors: gcc -g -O0 -Wall -Wextra -std=gnu99 uninit.c -o uninit
::::::::::::::::::::::::::::::::::::::::::::::::::::::::::::
uninit.c: In function ‘main’:
uninit.c:6:15: warning: unused parameter ‘argc’ [-Wunused-parameter]
 int main (int argc, char **argv) {
               ^
uninit.c:6:28: warning: unused parameter ‘argv’ [-Wunused-parameter]
 int main (int argc, char **argv) {
                            ^
uninit.c:8:11: warning: ‘pointer’ is used uninitialized in this function [-Wuninitialized]
    printf ("pointer=%p\n", pointer);
           ^
uninit.c:11:11: warning: ‘foo’ is used uninitialized in this function [-Wuninitialized]
    printf ("foo=%d\n", foo);
           ^
