-rw-------. 1 66 Mar 24 20:51 output.insens
-rw-------. 1 39 Mar 24 20:51 output.sens
-rw-------. 1 48 Mar 24 20:51 test.data

================================================================
File: test.data
----------------------------------------------------------------
     1  line of lower case data
     2  LINE OF UPPER CASE DATA
================================================================


================================================================
File: output.insens
----------------------------------------------------------------
     1  matching -i [a-z]
     2  line of lower case data
     3  LINE OF UPPER CASE DATA
================================================================


================================================================
File: output.sens
----------------------------------------------------------------
     1  matching [a-z]
     2  line of lower case data
================================================================

